<?xml version="1.0" encoding="UTF-8"?>
<robot generator="Robot 4.1.2 (Python 3.9.4 on win32)" generated="20211213 23:52:31.567" rpa="false" schemaversion="2">
<suite id="s1" name="Test" source="C:\Users\User\Desktop\SauceDemo\test">
<suite id="s1-s1" name="Valid Login" source="C:\Users\User\Desktop\SauceDemo\test\valid_login.robot">
<test id="s1-s1-t1" name="Successful user log in">
<kw name="Open Browser" library="SeleniumLibrary">
<arg>https://www.saucedemo.com/</arg>
<arg>chrome</arg>
<doc>Opens a new browser instance to the optional ``url``.</doc>
<msg timestamp="20211213 23:52:31.793" level="INFO">Opening browser 'chrome' to base url 'https://www.saucedemo.com/'.</msg>
<status status="PASS" starttime="20211213 23:52:31.792" endtime="20211213 23:52:33.681"/>
</kw>
<kw name="Maximize Browser Window" library="SeleniumLibrary">
<doc>Maximizes current browser window.</doc>
<status status="PASS" starttime="20211213 23:52:33.682" endtime="20211213 23:52:33.810"/>
</kw>
<kw name="Page Should Contain Element" library="SeleniumLibrary">
<arg>login-button</arg>
<doc>Verifies that element ``locator`` is found on the current page.</doc>
<msg timestamp="20211213 23:52:33.879" level="INFO">Current page contains element 'login-button'.</msg>
<status status="PASS" starttime="20211213 23:52:33.813" endtime="20211213 23:52:33.880"/>
</kw>
<kw name="Input Text" library="SeleniumLibrary">
<arg>user-name</arg>
<arg>standard_user</arg>
<doc>Types the given ``text`` into the text field identified by ``locator``.</doc>
<msg timestamp="20211213 23:52:33.898" level="INFO">Typing text 'standard_user' into text field 'user-name'.</msg>
<status status="PASS" starttime="20211213 23:52:33.893" endtime="20211213 23:52:34.086"/>
</kw>
<kw name="Input Text" library="SeleniumLibrary">
<arg>password</arg>
<arg>secret_sauce</arg>
<doc>Types the given ``text`` into the text field identified by ``locator``.</doc>
<msg timestamp="20211213 23:52:34.088" level="INFO">Typing text 'secret_sauce' into text field 'password'.</msg>
<status status="PASS" starttime="20211213 23:52:34.086" endtime="20211213 23:52:34.170"/>
</kw>
<kw name="Click Button" library="SeleniumLibrary">
<arg>login-button</arg>
<doc>Clicks the button identified by ``locator``.</doc>
<msg timestamp="20211213 23:52:34.171" level="INFO">Clicking button 'login-button'.</msg>
<status status="PASS" starttime="20211213 23:52:34.170" endtime="20211213 23:52:34.264"/>
</kw>
<kw name="Element Text Should Be" library="SeleniumLibrary">
<arg>class:title</arg>
<arg>PRODUCTS</arg>
<doc>Verifies that element ``locator`` contains exact the text ``expected``.</doc>
<msg timestamp="20211213 23:52:34.265" level="INFO">Verifying element 'class:title' contains exact text 'PRODUCTS'.</msg>
<status status="PASS" starttime="20211213 23:52:34.264" endtime="20211213 23:52:34.287"/>
</kw>
<kw name="Close Browser" library="SeleniumLibrary" type="TEARDOWN">
<doc>Closes the current browser.</doc>
<status status="PASS" starttime="20211213 23:52:34.288" endtime="20211213 23:52:36.598"/>
</kw>
<status status="PASS" starttime="20211213 23:52:31.791" endtime="20211213 23:52:36.599"/>
</test>
<test id="s1-s1-t2" name="Unsuccessful user log in by a locked out user">
<kw name="Open Browser" library="SeleniumLibrary">
<arg>https://www.saucedemo.com/</arg>
<arg>chrome</arg>
<doc>Opens a new browser instance to the optional ``url``.</doc>
<msg timestamp="20211213 23:52:36.602" level="INFO">Opening browser 'chrome' to base url 'https://www.saucedemo.com/'.</msg>
<status status="PASS" starttime="20211213 23:52:36.602" endtime="20211213 23:52:39.692"/>
</kw>
<kw name="Maximize Browser Window" library="SeleniumLibrary">
<doc>Maximizes current browser window.</doc>
<status status="PASS" starttime="20211213 23:52:39.698" endtime="20211213 23:52:39.874"/>
</kw>
<kw name="Page Should Contain Element" library="SeleniumLibrary">
<arg>login-button</arg>
<doc>Verifies that element ``locator`` is found on the current page.</doc>
<msg timestamp="20211213 23:52:40.000" level="INFO">Current page contains element 'login-button'.</msg>
<status status="PASS" starttime="20211213 23:52:39.889" endtime="20211213 23:52:40.000"/>
</kw>
<kw name="Input Text" library="SeleniumLibrary">
<arg>user-name</arg>
<arg>locked_out_user</arg>
<doc>Types the given ``text`` into the text field identified by ``locator``.</doc>
<msg timestamp="20211213 23:52:40.006" level="INFO">Typing text 'locked_out_user' into text field 'user-name'.</msg>
<status status="PASS" starttime="20211213 23:52:40.003" endtime="20211213 23:52:40.307"/>
</kw>
<kw name="Input Text" library="SeleniumLibrary">
<arg>password</arg>
<arg>secret_sauce</arg>
<doc>Types the given ``text`` into the text field identified by ``locator``.</doc>
<msg timestamp="20211213 23:52:40.311" level="INFO">Typing text 'secret_sauce' into text field 'password'.</msg>
<status status="PASS" starttime="20211213 23:52:40.310" endtime="20211213 23:52:40.492"/>
</kw>
<kw name="Click Button" library="SeleniumLibrary">
<arg>login-button</arg>
<doc>Clicks the button identified by ``locator``.</doc>
<msg timestamp="20211213 23:52:40.495" level="INFO">Clicking button 'login-button'.</msg>
<status status="PASS" starttime="20211213 23:52:40.494" endtime="20211213 23:52:40.572"/>
</kw>
<kw name="Element Text Should Be" library="SeleniumLibrary">
<arg>xpath://*[@id="login_button_container"]/div/form/div[3]/h3</arg>
<arg>Epic sadface: Sorry, this user has been locked out.</arg>
<doc>Verifies that element ``locator`` contains exact the text ``expected``.</doc>
<msg timestamp="20211213 23:52:40.573" level="INFO">Verifying element 'xpath://*[@id="login_button_container"]/div/form/div[3]/h3' contains exact text 'Epic sadface: Sorry, this user has been locked out.'.</msg>
<status status="PASS" starttime="20211213 23:52:40.572" endtime="20211213 23:52:40.603"/>
</kw>
<kw name="Close Browser" library="SeleniumLibrary" type="TEARDOWN">
<doc>Closes the current browser.</doc>
<status status="PASS" starttime="20211213 23:52:40.604" endtime="20211213 23:52:42.892"/>
</kw>
<status status="PASS" starttime="20211213 23:52:36.601" endtime="20211213 23:52:42.893"/>
</test>
<test id="s1-s1-t3" name="Typed wrong password">
<kw name="Open Browser" library="SeleniumLibrary">
<arg>https://www.saucedemo.com/</arg>
<arg>chrome</arg>
<doc>Opens a new browser instance to the optional ``url``.</doc>
<msg timestamp="20211213 23:52:42.896" level="INFO">Opening browser 'chrome' to base url 'https://www.saucedemo.com/'.</msg>
<status status="PASS" starttime="20211213 23:52:42.896" endtime="20211213 23:52:45.050"/>
</kw>
<kw name="Maximize Browser Window" library="SeleniumLibrary">
<doc>Maximizes current browser window.</doc>
<status status="PASS" starttime="20211213 23:52:45.051" endtime="20211213 23:52:45.299"/>
</kw>
<kw name="Page Should Contain Element" library="SeleniumLibrary">
<arg>login-button</arg>
<doc>Verifies that element ``locator`` is found on the current page.</doc>
<msg timestamp="20211213 23:52:45.381" level="INFO">Current page contains element 'login-button'.</msg>
<status status="PASS" starttime="20211213 23:52:45.311" endtime="20211213 23:52:45.381"/>
</kw>
<kw name="Input Text" library="SeleniumLibrary">
<arg>user-name</arg>
<arg>locked_out_user</arg>
<doc>Types the given ``text`` into the text field identified by ``locator``.</doc>
<msg timestamp="20211213 23:52:45.383" level="INFO">Typing text 'locked_out_user' into text field 'user-name'.</msg>
<status status="PASS" starttime="20211213 23:52:45.382" endtime="20211213 23:52:45.674"/>
</kw>
<kw name="Input Text" library="SeleniumLibrary">
<arg>password</arg>
<arg>password</arg>
<doc>Types the given ``text`` into the text field identified by ``locator``.</doc>
<msg timestamp="20211213 23:52:45.675" level="INFO">Typing text 'password' into text field 'password'.</msg>
<status status="PASS" starttime="20211213 23:52:45.675" endtime="20211213 23:52:45.791"/>
</kw>
<kw name="Click Button" library="SeleniumLibrary">
<arg>login-button</arg>
<doc>Clicks the button identified by ``locator``.</doc>
<msg timestamp="20211213 23:52:45.792" level="INFO">Clicking button 'login-button'.</msg>
<status status="PASS" starttime="20211213 23:52:45.791" endtime="20211213 23:52:45.849"/>
</kw>
<kw name="Element Text Should Be" library="SeleniumLibrary">
<arg>xpath://*[@id="login_button_container"]/div/form/div[3]/h3</arg>
<arg>Epic sadface: Username and password do not match any user in this service</arg>
<doc>Verifies that element ``locator`` contains exact the text ``expected``.</doc>
<msg timestamp="20211213 23:52:45.851" level="INFO">Verifying element 'xpath://*[@id="login_button_container"]/div/form/div[3]/h3' contains exact text 'Epic sadface: Username and password do not match any user in this service'.</msg>
<status status="PASS" starttime="20211213 23:52:45.850" endtime="20211213 23:52:45.878"/>
</kw>
<kw name="Close Browser" library="SeleniumLibrary" type="TEARDOWN">
<doc>Closes the current browser.</doc>
<status status="PASS" starttime="20211213 23:52:45.878" endtime="20211213 23:52:48.092"/>
</kw>
<status status="PASS" starttime="20211213 23:52:42.896" endtime="20211213 23:52:48.094"/>
</test>
<test id="s1-s1-t4" name="Logged in as problem user and sees a broken inventory page">
<kw name="Open Browser" library="SeleniumLibrary">
<arg>https://www.saucedemo.com/</arg>
<arg>chrome</arg>
<doc>Opens a new browser instance to the optional ``url``.</doc>
<msg timestamp="20211213 23:52:48.097" level="INFO">Opening browser 'chrome' to base url 'https://www.saucedemo.com/'.</msg>
<status status="PASS" starttime="20211213 23:52:48.096" endtime="20211213 23:52:50.002"/>
</kw>
<kw name="Maximize Browser Window" library="SeleniumLibrary">
<doc>Maximizes current browser window.</doc>
<status status="PASS" starttime="20211213 23:52:50.002" endtime="20211213 23:52:50.124"/>
</kw>
<kw name="Page Should Contain Element" library="SeleniumLibrary">
<arg>login-button</arg>
<doc>Verifies that element ``locator`` is found on the current page.</doc>
<msg timestamp="20211213 23:52:50.212" level="INFO">Current page contains element 'login-button'.</msg>
<status status="PASS" starttime="20211213 23:52:50.128" endtime="20211213 23:52:50.212"/>
</kw>
<kw name="Input Text" library="SeleniumLibrary">
<arg>user-name</arg>
<arg>problem_user</arg>
<doc>Types the given ``text`` into the text field identified by ``locator``.</doc>
<msg timestamp="20211213 23:52:50.217" level="INFO">Typing text 'problem_user' into text field 'user-name'.</msg>
<status status="PASS" starttime="20211213 23:52:50.215" endtime="20211213 23:52:50.379"/>
</kw>
<kw name="Input Text" library="SeleniumLibrary">
<arg>password</arg>
<arg>secret_sauce</arg>
<doc>Types the given ``text`` into the text field identified by ``locator``.</doc>
<msg timestamp="20211213 23:52:50.380" level="INFO">Typing text 'secret_sauce' into text field 'password'.</msg>
<status status="PASS" starttime="20211213 23:52:50.380" endtime="20211213 23:52:50.479"/>
</kw>
<kw name="Click Button" library="SeleniumLibrary">
<arg>login-button</arg>
<doc>Clicks the button identified by ``locator``.</doc>
<msg timestamp="20211213 23:52:50.479" level="INFO">Clicking button 'login-button'.</msg>
<status status="PASS" starttime="20211213 23:52:50.479" endtime="20211213 23:52:50.612"/>
</kw>
<kw name="Click Link" library="SeleniumLibrary">
<arg>id:item_4_title_link</arg>
<doc>Clicks a link identified by ``locator``.</doc>
<msg timestamp="20211213 23:52:50.613" level="INFO">Clicking link 'id:item_4_title_link'.</msg>
<status status="PASS" starttime="20211213 23:52:50.612" endtime="20211213 23:52:50.720"/>
</kw>
<kw name="Element Text Should Be" library="SeleniumLibrary">
<arg>class:inventory_details_name</arg>
<arg>Sauce Labs Fleece Jacket</arg>
<doc>Verifies that element ``locator`` contains exact the text ``expected``.</doc>
<msg timestamp="20211213 23:52:50.721" level="INFO">Verifying element 'class:inventory_details_name' contains exact text 'Sauce Labs Fleece Jacket'.</msg>
<status status="PASS" starttime="20211213 23:52:50.721" endtime="20211213 23:52:50.784"/>
</kw>
<kw name="Close Browser" library="SeleniumLibrary" type="TEARDOWN">
<doc>Closes the current browser.</doc>
<status status="PASS" starttime="20211213 23:52:50.786" endtime="20211213 23:52:53.251"/>
</kw>
<status status="PASS" starttime="20211213 23:52:48.095" endtime="20211213 23:52:53.252"/>
</test>
<doc>Exercise: SeleniumIDE &amp; RobotFramework Practice

8 test cases using
the SeleniumLibrary</doc>
<status status="PASS" starttime="20211213 23:52:31.592" endtime="20211213 23:52:53.253"/>
</suite>
<status status="PASS" starttime="20211213 23:52:31.569" endtime="20211213 23:52:53.255"/>
</suite>
<statistics>
<total>
<stat pass="4" fail="0" skip="0">All Tests</stat>
</total>
<tag>
</tag>
<suite>
<stat pass="4" fail="0" skip="0" id="s1" name="Test">Test</stat>
<stat pass="4" fail="0" skip="0" id="s1-s1" name="Valid Login">Test.Valid Login</stat>
</suite>
</statistics>
<errors>
</errors>
</robot>
